<?xml version="1.0" encoding="utf-8"?><testsuites name="pytest tests"><testsuite name="pytest" errors="0" failures="2" skipped="4" tests="19" time="4.221" timestamp="2026-01-16T23:51:10.491458+00:00" hostname="agent-env-3b73739b-8683-4437-99cf-d6200f5a518d"><testcase classname="tests.test_new_features.TestAuth" name="test_login_developer" time="0.319" /><testcase classname="tests.test_new_features.TestAuth" name="test_login_admin" time="0.259" /><testcase classname="tests.test_new_features.TestAuth" name="test_login_supervisor" time="0.037"><failure message="AssertionError: Login failed: {&quot;detail&quot;:&quot;Usuario o contraseña incorrectos&quot;}&#10;assert 401 == 200&#10; +  where 401 = &lt;Response [401]&gt;.status_code">tests/test_new_features.py:49: in test_login_supervisor
    assert response.status_code == 200, f"Login failed: {response.text}"
E   AssertionError: Login failed: {"detail":"Usuario o contraseña incorrectos"}
E   assert 401 == 200
E    +  where 401 = &lt;Response [401]&gt;.status_code</failure></testcase><testcase classname="tests.test_new_features.TestFileUpload" name="test_upload_file_success" time="0.295" /><testcase classname="tests.test_new_features.TestFileUpload" name="test_upload_file_unauthorized" time="0.035" /><testcase classname="tests.test_new_features.TestNotifications" name="test_get_notifications" time="0.075"><skipped type="pytest.skip" message="Supervisor login failed">/app/tests/test_new_features.py:118: Supervisor login failed</skipped></testcase><testcase classname="tests.test_new_features.TestNotifications" name="test_get_unread_count" time="0.036"><skipped type="pytest.skip" message="Supervisor login failed">/app/tests/test_new_features.py:129: Supervisor login failed</skipped></testcase><testcase classname="tests.test_new_features.TestNotifications" name="test_mark_all_read" time="0.035"><skipped type="pytest.skip" message="Supervisor login failed">/app/tests/test_new_features.py:141: Supervisor login failed</skipped></testcase><testcase classname="tests.test_new_features.TestNotifications" name="test_notifications_unauthorized" time="0.035" /><testcase classname="tests.test_new_features.TestAutoAssignRegion" name="test_auto_assign_region_developer" time="0.299" /><testcase classname="tests.test_new_features.TestAutoAssignRegion" name="test_auto_assign_region_admin" time="0.332" /><testcase classname="tests.test_new_features.TestAutoAssignRegion" name="test_auto_assign_region_unauthorized" time="0.031"><skipped type="pytest.skip" message="Supervisor login failed">/app/tests/test_new_features.py:186: Supervisor login failed</skipped></testcase><testcase classname="tests.test_new_features.TestDisbursements" name="test_get_disbursements" time="0.341" /><testcase classname="tests.test_new_features.TestDisbursements" name="test_get_pending_disbursements" time="0.335" /><testcase classname="tests.test_new_features.TestDisbursements" name="test_get_scheduled_disbursements" time="0.301" /><testcase classname="tests.test_new_features.TestDisbursements" name="test_create_disbursement_requires_client" time="0.300" /><testcase classname="tests.test_new_features.TestDisbursementWorkflow" name="test_disbursement_workflow" time="0.409" /><testcase classname="tests.test_new_features.TestDisbursementWorkflow" name="test_execute_without_evidence_fails" time="0.295" /><testcase classname="tests.test_new_features.TestUnassignedAsesores" name="test_get_unassigned_asesores" time="0.299"><failure message="AssertionError: Get unassigned asesores failed: {&quot;detail&quot;:&quot;Usuario no encontrado&quot;}&#10;assert 404 == 200&#10; +  where 404 = &lt;Response [404]&gt;.status_code">tests/test_new_features.py:345: in test_get_unassigned_asesores
    assert response.status_code == 200, f"Get unassigned asesores failed: {response.text}"
E   AssertionError: Get unassigned asesores failed: {"detail":"Usuario no encontrado"}
E   assert 404 == 200
E    +  where 404 = &lt;Response [404]&gt;.status_code</failure></testcase></testsuite></testsuites>