<?xml version="1.0" encoding="utf-8"?><testsuites name="pytest tests"><testsuite name="pytest" errors="0" failures="1" skipped="1" tests="19" time="8.036" timestamp="2026-01-16T18:00:49.714403+00:00" hostname="agent-env-675eaaef-b261-4a98-9ef8-6d5046557f62"><testcase classname="tests.test_soles_corporativo.TestAuth" name="test_login_developer" time="0.297" /><testcase classname="tests.test_soles_corporativo.TestAuth" name="test_login_admin" time="0.261" /><testcase classname="tests.test_soles_corporativo.TestAuth" name="test_login_supervisor" time="0.294" /><testcase classname="tests.test_soles_corporativo.TestAuth" name="test_login_asesor" time="0.044"><failure message="AssertionError: Asesor login failed: {&quot;detail&quot;:&quot;Usuario o contraseña incorrectos&quot;}&#10;assert 401 == 200&#10; +  where 401 = &lt;Response [401]&gt;.status_code">tests/test_soles_corporativo.py:63: in test_login_asesor
    assert response.status_code == 200, f"Asesor login failed: {response.text}"
E   AssertionError: Asesor login failed: {"detail":"Usuario o contraseña incorrectos"}
E   assert 401 == 200
E    +  where 401 = &lt;Response [401]&gt;.status_code</failure></testcase><testcase classname="tests.test_soles_corporativo.TestSupervisorPayments" name="test_supervisor_can_access_payments_endpoint" time="0.295" /><testcase classname="tests.test_soles_corporativo.TestSupervisorPayments" name="test_supervisor_can_register_payment" time="0.663" /><testcase classname="tests.test_soles_corporativo.TestAdminUserManagement" name="test_admin_can_list_users" time="0.299" /><testcase classname="tests.test_soles_corporativo.TestAdminUserManagement" name="test_admin_can_edit_user" time="0.363" /><testcase classname="tests.test_soles_corporativo.TestAdminUserManagement" name="test_admin_can_change_user_password" time="0.816" /><testcase classname="tests.test_soles_corporativo.TestAdminUserManagement" name="test_admin_can_deactivate_user" time="0.849" /><testcase classname="tests.test_soles_corporativo.TestCreditFilters" name="test_filter_credits_by_localidad" time="0.321" /><testcase classname="tests.test_soles_corporativo.TestCreditFilters" name="test_filter_credits_by_asesor" time="0.328" /><testcase classname="tests.test_soles_corporativo.TestCreditFilters" name="test_combined_credit_filters" time="0.367" /><testcase classname="tests.test_soles_corporativo.TestClientFilters" name="test_filter_clients_by_localidad" time="0.328" /><testcase classname="tests.test_soles_corporativo.TestClientFilters" name="test_filter_clients_by_asesor" time="0.367" /><testcase classname="tests.test_soles_corporativo.TestClientFilters" name="test_combined_client_filters" time="0.361" /><testcase classname="tests.test_soles_corporativo.TestRolePermissions" name="test_gerente_can_edit_users_in_region" time="0.581" /><testcase classname="tests.test_soles_corporativo.TestRolePermissions" name="test_supervisor_can_edit_asesores_in_team" time="0.548"><skipped type="pytest.skip" message="Cannot get supervisor's asesores: {&quot;detail&quot;:&quot;Usuario no encontrado&quot;}">/app/tests/test_soles_corporativo.py:473: Cannot get supervisor's asesores: {"detail":"Usuario no encontrado"}</skipped></testcase><testcase classname="tests.test_soles_corporativo.TestLocalidadesStructure" name="test_all_localidades_valid" time="0.503" /></testsuite></testsuites>