<?xml version="1.0" encoding="utf-8"?><testsuites name="pytest tests"><testsuite name="pytest" errors="0" failures="1" skipped="0" tests="19" time="5.269" timestamp="2026-01-16T23:51:34.692711+00:00" hostname="agent-env-3b73739b-8683-4437-99cf-d6200f5a518d"><testcase classname="tests.test_new_features.TestAuth" name="test_login_developer" time="0.286" /><testcase classname="tests.test_new_features.TestAuth" name="test_login_admin" time="0.298" /><testcase classname="tests.test_new_features.TestAuth" name="test_login_supervisor" time="0.256" /><testcase classname="tests.test_new_features.TestFileUpload" name="test_upload_file_success" time="0.293" /><testcase classname="tests.test_new_features.TestFileUpload" name="test_upload_file_unauthorized" time="0.033" /><testcase classname="tests.test_new_features.TestNotifications" name="test_get_notifications" time="0.295" /><testcase classname="tests.test_new_features.TestNotifications" name="test_get_unread_count" time="0.299" /><testcase classname="tests.test_new_features.TestNotifications" name="test_mark_all_read" time="0.290" /><testcase classname="tests.test_new_features.TestNotifications" name="test_notifications_unauthorized" time="0.031" /><testcase classname="tests.test_new_features.TestAutoAssignRegion" name="test_auto_assign_region_developer" time="0.344" /><testcase classname="tests.test_new_features.TestAutoAssignRegion" name="test_auto_assign_region_admin" time="0.301" /><testcase classname="tests.test_new_features.TestAutoAssignRegion" name="test_auto_assign_region_unauthorized" time="0.327" /><testcase classname="tests.test_new_features.TestDisbursements" name="test_get_disbursements" time="0.335" /><testcase classname="tests.test_new_features.TestDisbursements" name="test_get_pending_disbursements" time="0.289" /><testcase classname="tests.test_new_features.TestDisbursements" name="test_get_scheduled_disbursements" time="0.293" /><testcase classname="tests.test_new_features.TestDisbursements" name="test_create_disbursement_requires_client" time="0.290" /><testcase classname="tests.test_new_features.TestDisbursementWorkflow" name="test_disbursement_workflow" time="0.320" /><testcase classname="tests.test_new_features.TestDisbursementWorkflow" name="test_execute_without_evidence_fails" time="0.288" /><testcase classname="tests.test_new_features.TestUnassignedAsesores" name="test_get_unassigned_asesores" time="0.305"><failure message="AssertionError: Get unassigned asesores failed: {&quot;detail&quot;:&quot;Usuario no encontrado&quot;}&#10;assert 404 == 200&#10; +  where 404 = &lt;Response [404]&gt;.status_code">tests/test_new_features.py:345: in test_get_unassigned_asesores
    assert response.status_code == 200, f"Get unassigned asesores failed: {response.text}"
E   AssertionError: Get unassigned asesores failed: {"detail":"Usuario no encontrado"}
E   assert 404 == 200
E    +  where 404 = &lt;Response [404]&gt;.status_code</failure></testcase></testsuite></testsuites>